ERROR - 2025-02-26 07:16:28 --> Error connecting to the database: mysqli_sql_exception: Access denied for user ''@'localhost' (using password: NO) in D:\Kerja\BE\be\system\Database\MySQLi\Connection.php:201
Stack trace:
#0 D:\Kerja\BE\be\system\Database\MySQLi\Connection.php(201): mysqli->real_connect('localhost', '', Object(SensitiveParameterValue), '', 3306, '', 0)
#1 D:\Kerja\BE\be\system\Database\BaseConnection.php(421): CodeIgniter\Database\MySQLi\Connection->connect(false)
#2 D:\Kerja\BE\be\system\Database\BaseConnection.php(620): CodeIgniter\Database\BaseConnection->initialize()
#3 D:\Kerja\BE\be\system\Database\BaseConnection.php(1525): CodeIgniter\Database\BaseConnection->query('SHOW TABLES FRO...')
#4 D:\Kerja\BE\be\system\Database\BaseConnection.php(1545): CodeIgniter\Database\BaseConnection->listTables()
#5 D:\Kerja\BE\be\system\Database\MigrationRunner.php(758): CodeIgniter\Database\BaseConnection->tableExists('migrations')
#6 D:\Kerja\BE\be\system\Database\MigrationRunner.php(162): CodeIgniter\Database\MigrationRunner->ensureTable()
#7 D:\Kerja\BE\be\system\Commands\Database\Migrate.php(85): CodeIgniter\Database\MigrationRunner->latest(NULL)
#8 D:\Kerja\BE\be\system\CLI\Commands.php(70): CodeIgniter\Commands\Database\Migrate->run(Array)
#9 D:\Kerja\BE\be\system\CLI\Console.php(48): CodeIgniter\CLI\Commands->run('migrate', Array)
#10 D:\Kerja\BE\be\system\Boot.php(360): CodeIgniter\CLI\Console->run()
#11 D:\Kerja\BE\be\system\Boot.php(104): CodeIgniter\Boot::runCommand(Object(CodeIgniter\CLI\Console))
#12 D:\Kerja\BE\be\spark(84): CodeIgniter\Boot::bootSpark(Object(Config\Paths))
#13 {main}

Next CodeIgniter\Database\Exceptions\DatabaseException: Access denied for user ''@'localhost' (using password: NO) in D:\Kerja\BE\be\system\Database\MySQLi\Connection.php:246
Stack trace:
#0 D:\Kerja\BE\be\system\Database\BaseConnection.php(421): CodeIgniter\Database\MySQLi\Connection->connect(false)
#1 D:\Kerja\BE\be\system\Database\BaseConnection.php(620): CodeIgniter\Database\BaseConnection->initialize()
#2 D:\Kerja\BE\be\system\Database\BaseConnection.php(1525): CodeIgniter\Database\BaseConnection->query('SHOW TABLES FRO...')
#3 D:\Kerja\BE\be\system\Database\BaseConnection.php(1545): CodeIgniter\Database\BaseConnection->listTables()
#4 D:\Kerja\BE\be\system\Database\MigrationRunner.php(758): CodeIgniter\Database\BaseConnection->tableExists('migrations')
#5 D:\Kerja\BE\be\system\Database\MigrationRunner.php(162): CodeIgniter\Database\MigrationRunner->ensureTable()
#6 D:\Kerja\BE\be\system\Commands\Database\Migrate.php(85): CodeIgniter\Database\MigrationRunner->latest(NULL)
#7 D:\Kerja\BE\be\system\CLI\Commands.php(70): CodeIgniter\Commands\Database\Migrate->run(Array)
#8 D:\Kerja\BE\be\system\CLI\Console.php(48): CodeIgniter\CLI\Commands->run('migrate', Array)
#9 D:\Kerja\BE\be\system\Boot.php(360): CodeIgniter\CLI\Console->run()
#10 D:\Kerja\BE\be\system\Boot.php(104): CodeIgniter\Boot::runCommand(Object(CodeIgniter\CLI\Console))
#11 D:\Kerja\BE\be\spark(84): CodeIgniter\Boot::bootSpark(Object(Config\Paths))
#12 {main}
ERROR - 2025-02-26 07:27:43 --> mysqli_sql_exception: Column 'nama' cannot be null in D:\Kerja\BE\be\system\Database\MySQLi\Connection.php:327
Stack trace:
#0 D:\Kerja\BE\be\system\Database\MySQLi\Connection.php(327): mysqli->query('INSERT INTO `us...', 0)
#1 D:\Kerja\BE\be\system\Database\BaseConnection.php(738): CodeIgniter\Database\MySQLi\Connection->execute('INSERT INTO `us...')
#2 D:\Kerja\BE\be\system\Database\BaseConnection.php(652): CodeIgniter\Database\BaseConnection->simpleQuery('INSERT INTO `us...')
#3 D:\Kerja\BE\be\system\Database\BaseBuilder.php(2345): CodeIgniter\Database\BaseConnection->query('INSERT INTO `us...', Array, false)
#4 D:\Kerja\BE\be\system\Model.php(394): CodeIgniter\Database\BaseBuilder->insert()
#5 D:\Kerja\BE\be\system\BaseModel.php(839): CodeIgniter\Model->doInsert(Array)
#6 D:\Kerja\BE\be\system\Model.php(800): CodeIgniter\BaseModel->insert(Array, false)
#7 D:\Kerja\BE\be\system\BaseModel.php(750): CodeIgniter\Model->insert(Array, false)
#8 D:\Kerja\BE\be\app\Controllers\UserController.php(59): CodeIgniter\BaseModel->save(Array)
#9 D:\Kerja\BE\be\system\CodeIgniter.php(933): App\Controllers\UserController->create()
#10 D:\Kerja\BE\be\system\CodeIgniter.php(507): CodeIgniter\CodeIgniter->runController(Object(App\Controllers\UserController))
#11 D:\Kerja\BE\be\system\CodeIgniter.php(354): CodeIgniter\CodeIgniter->handleRequest(NULL, Object(Config\Cache), false)
#12 D:\Kerja\BE\be\system\Boot.php(334): CodeIgniter\CodeIgniter->run()
#13 D:\Kerja\BE\be\system\Boot.php(67): CodeIgniter\Boot::runCodeIgniter(Object(CodeIgniter\CodeIgniter))
#14 D:\Kerja\BE\be\public\index.php(56): CodeIgniter\Boot::bootWeb(Object(Config\Paths))
#15 D:\Kerja\BE\be\system\rewrite.php(44): require_once('D:\\Kerja\\BE\\be\\...')
#16 {main}
ERROR - 2025-02-26 14:36:50 --> mysqli_sql_exception: Unknown column 'nama' in 'field list' in D:\Kerja\BE\be\system\Database\MySQLi\Connection.php:327
Stack trace:
#0 D:\Kerja\BE\be\system\Database\MySQLi\Connection.php(327): mysqli->query('INSERT INTO `us...', 0)
#1 D:\Kerja\BE\be\system\Database\BaseConnection.php(738): CodeIgniter\Database\MySQLi\Connection->execute('INSERT INTO `us...')
#2 D:\Kerja\BE\be\system\Database\BaseConnection.php(652): CodeIgniter\Database\BaseConnection->simpleQuery('INSERT INTO `us...')
#3 D:\Kerja\BE\be\system\Database\BaseBuilder.php(2345): CodeIgniter\Database\BaseConnection->query('INSERT INTO `us...', Array, false)
#4 D:\Kerja\BE\be\system\Model.php(394): CodeIgniter\Database\BaseBuilder->insert()
#5 D:\Kerja\BE\be\system\BaseModel.php(839): CodeIgniter\Model->doInsert(Array)
#6 D:\Kerja\BE\be\system\Model.php(800): CodeIgniter\BaseModel->insert(Array, false)
#7 D:\Kerja\BE\be\system\BaseModel.php(750): CodeIgniter\Model->insert(Array, false)
#8 D:\Kerja\BE\be\app\Controllers\UserController.php(27): CodeIgniter\BaseModel->save(Array)
#9 D:\Kerja\BE\be\system\CodeIgniter.php(933): App\Controllers\UserController->create()
#10 D:\Kerja\BE\be\system\CodeIgniter.php(507): CodeIgniter\CodeIgniter->runController(Object(App\Controllers\UserController))
#11 D:\Kerja\BE\be\system\CodeIgniter.php(354): CodeIgniter\CodeIgniter->handleRequest(NULL, Object(Config\Cache), false)
#12 D:\Kerja\BE\be\system\Boot.php(334): CodeIgniter\CodeIgniter->run()
#13 D:\Kerja\BE\be\system\Boot.php(67): CodeIgniter\Boot::runCodeIgniter(Object(CodeIgniter\CodeIgniter))
#14 D:\Kerja\BE\be\public\index.php(56): CodeIgniter\Boot::bootWeb(Object(Config\Paths))
#15 D:\Kerja\BE\be\system\rewrite.php(44): require_once('D:\\Kerja\\BE\\be\\...')
#16 {main}
CRITICAL - 2025-02-26 14:49:16 --> CodeIgniter\HTTP\Exceptions\HTTPException: Failed to parse JSON string. Error: Syntax error
[Method: POST, Route: api/login]
in SYSTEMPATH\HTTP\IncomingRequest.php on line 537.
 1 SYSTEMPATH\HTTP\IncomingRequest.php(537): CodeIgniter\HTTP\Exceptions\HTTPException::forInvalidJSON('Syntax error')
 2 SYSTEMPATH\HTTP\IncomingRequest.php(557): CodeIgniter\HTTP\IncomingRequest->getJSON(true)
 3 SYSTEMPATH\HTTP\IncomingRequest.php(505): CodeIgniter\HTTP\IncomingRequest->getJsonVar('username', false, null, null)
 4 APPPATH\Controllers\UserController.php(66): CodeIgniter\HTTP\IncomingRequest->getVar('username')
 5 SYSTEMPATH\CodeIgniter.php(933): App\Controllers\UserController->login()
 6 SYSTEMPATH\CodeIgniter.php(507): CodeIgniter\CodeIgniter->runController(Object(App\Controllers\UserController))
 7 SYSTEMPATH\CodeIgniter.php(354): CodeIgniter\CodeIgniter->handleRequest(null, Object(Config\Cache), false)
 8 SYSTEMPATH\Boot.php(334): CodeIgniter\CodeIgniter->run()
 9 SYSTEMPATH\Boot.php(67): CodeIgniter\Boot::runCodeIgniter(Object(CodeIgniter\CodeIgniter))
10 FCPATH\index.php(56): CodeIgniter\Boot::bootWeb(Object(Config\Paths))
11 SYSTEMPATH\rewrite.php(44): require_once('D:\\Kerja\\BE\\be\\public\\index.php')
CRITICAL - 2025-02-26 14:50:15 --> Error: Call to undefined method App\Controllers\UserController::response()
[Method: POST, Route: api/login]
in APPPATH\Controllers\UserController.php on line 48.
 1 SYSTEMPATH\CodeIgniter.php(933): App\Controllers\UserController->login()
 2 SYSTEMPATH\CodeIgniter.php(507): CodeIgniter\CodeIgniter->runController(Object(App\Controllers\UserController))
 3 SYSTEMPATH\CodeIgniter.php(354): CodeIgniter\CodeIgniter->handleRequest(null, Object(Config\Cache), false)
 4 SYSTEMPATH\Boot.php(334): CodeIgniter\CodeIgniter->run()
 5 SYSTEMPATH\Boot.php(67): CodeIgniter\Boot::runCodeIgniter(Object(CodeIgniter\CodeIgniter))
 6 FCPATH\index.php(56): CodeIgniter\Boot::bootWeb(Object(Config\Paths))
 7 SYSTEMPATH\rewrite.php(44): require_once('D:\\Kerja\\BE\\be\\public\\index.php')
CRITICAL - 2025-02-26 14:51:25 --> CodeIgniter\HTTP\Exceptions\HTTPException: Failed to parse JSON string. Error: Syntax error
[Method: POST, Route: api/login]
in SYSTEMPATH\HTTP\IncomingRequest.php on line 537.
 1 SYSTEMPATH\HTTP\IncomingRequest.php(537): CodeIgniter\HTTP\Exceptions\HTTPException::forInvalidJSON('Syntax error')
 2 SYSTEMPATH\HTTP\IncomingRequest.php(557): CodeIgniter\HTTP\IncomingRequest->getJSON(true)
 3 SYSTEMPATH\HTTP\IncomingRequest.php(505): CodeIgniter\HTTP\IncomingRequest->getJsonVar('username', false, null, null)
 4 APPPATH\Controllers\UserController.php(70): CodeIgniter\HTTP\IncomingRequest->getVar('username')
 5 SYSTEMPATH\CodeIgniter.php(933): App\Controllers\UserController->login()
 6 SYSTEMPATH\CodeIgniter.php(507): CodeIgniter\CodeIgniter->runController(Object(App\Controllers\UserController))
 7 SYSTEMPATH\CodeIgniter.php(354): CodeIgniter\CodeIgniter->handleRequest(null, Object(Config\Cache), false)
 8 SYSTEMPATH\Boot.php(334): CodeIgniter\CodeIgniter->run()
 9 SYSTEMPATH\Boot.php(67): CodeIgniter\Boot::runCodeIgniter(Object(CodeIgniter\CodeIgniter))
10 FCPATH\index.php(56): CodeIgniter\Boot::bootWeb(Object(Config\Paths))
11 SYSTEMPATH\rewrite.php(44): require_once('D:\\Kerja\\BE\\be\\public\\index.php')
CRITICAL - 2025-02-26 15:02:17 --> Error: Call to a member function delete() on array
[Method: DELETE, Route: api/delete/1]
in APPPATH\Controllers\UserController.php on line 106.
 1 SYSTEMPATH\CodeIgniter.php(933): App\Controllers\UserController->delete('1')
 2 SYSTEMPATH\CodeIgniter.php(507): CodeIgniter\CodeIgniter->runController(Object(App\Controllers\UserController))
 3 SYSTEMPATH\CodeIgniter.php(354): CodeIgniter\CodeIgniter->handleRequest(null, Object(Config\Cache), false)
 4 SYSTEMPATH\Boot.php(334): CodeIgniter\CodeIgniter->run()
 5 SYSTEMPATH\Boot.php(67): CodeIgniter\Boot::runCodeIgniter(Object(CodeIgniter\CodeIgniter))
 6 FCPATH\index.php(56): CodeIgniter\Boot::bootWeb(Object(Config\Paths))
 7 SYSTEMPATH\rewrite.php(44): require_once('D:\\Kerja\\BE\\be\\public\\index.php')
CRITICAL - 2025-02-26 15:06:25 --> Error: Call to a member function toArray() on array
[Method: GET, Route: api/user/1]
in APPPATH\Controllers\UserController.php on line 138.
 1 SYSTEMPATH\CodeIgniter.php(933): App\Controllers\UserController->userById('1')
 2 SYSTEMPATH\CodeIgniter.php(507): CodeIgniter\CodeIgniter->runController(Object(App\Controllers\UserController))
 3 SYSTEMPATH\CodeIgniter.php(354): CodeIgniter\CodeIgniter->handleRequest(null, Object(Config\Cache), false)
 4 SYSTEMPATH\Boot.php(334): CodeIgniter\CodeIgniter->run()
 5 SYSTEMPATH\Boot.php(67): CodeIgniter\Boot::runCodeIgniter(Object(CodeIgniter\CodeIgniter))
 6 FCPATH\index.php(56): CodeIgniter\Boot::bootWeb(Object(Config\Paths))
 7 SYSTEMPATH\rewrite.php(44): require_once('D:\\Kerja\\BE\\be\\public\\index.php')
ERROR - 2025-02-26 23:22:01 --> Error connecting to the database: TypeError: mysqli::real_connect(): Argument #5 ($port) must be of type ?int, string given in D:\Kerja\BE\be\system\Database\MySQLi\Connection.php:201
Stack trace:
#0 D:\Kerja\BE\be\system\Database\MySQLi\Connection.php(201): mysqli->real_connect('localhost', 'root', Object(SensitiveParameterValue), 'ci4', '3306', '', 0)
#1 D:\Kerja\BE\be\system\Database\BaseConnection.php(421): CodeIgniter\Database\MySQLi\Connection->connect(false)
#2 D:\Kerja\BE\be\system\Database\BaseConnection.php(620): CodeIgniter\Database\BaseConnection->initialize()
#3 D:\Kerja\BE\be\system\Database\BaseBuilder.php(2345): CodeIgniter\Database\BaseConnection->query('INSERT INTO `us...', Array, false)
#4 D:\Kerja\BE\be\system\Model.php(394): CodeIgniter\Database\BaseBuilder->insert()
#5 D:\Kerja\BE\be\system\BaseModel.php(839): CodeIgniter\Model->doInsert(Array)
#6 D:\Kerja\BE\be\system\Model.php(800): CodeIgniter\BaseModel->insert(Array, true)
#7 D:\Kerja\BE\be\app\Controllers\UserController.php(37): CodeIgniter\Model->insert(Array)
#8 D:\Kerja\BE\be\system\CodeIgniter.php(933): App\Controllers\UserController->create()
#9 D:\Kerja\BE\be\system\CodeIgniter.php(507): CodeIgniter\CodeIgniter->runController(Object(App\Controllers\UserController))
#10 D:\Kerja\BE\be\system\CodeIgniter.php(354): CodeIgniter\CodeIgniter->handleRequest(NULL, Object(Config\Cache), false)
#11 D:\Kerja\BE\be\system\Boot.php(334): CodeIgniter\CodeIgniter->run()
#12 D:\Kerja\BE\be\system\Boot.php(67): CodeIgniter\Boot::runCodeIgniter(Object(CodeIgniter\CodeIgniter))
#13 D:\Kerja\BE\be\public\index.php(56): CodeIgniter\Boot::bootWeb(Object(Config\Paths))
#14 D:\Kerja\BE\be\system\rewrite.php(44): require_once('D:\\Kerja\\BE\\be\\...')
#15 {main}

Next CodeIgniter\Database\Exceptions\DatabaseException: mysqli::real_connect(): Argument #5 ($port) must be of type ?int, string given in D:\Kerja\BE\be\system\Database\MySQLi\Connection.php:246
Stack trace:
#0 D:\Kerja\BE\be\system\Database\BaseConnection.php(421): CodeIgniter\Database\MySQLi\Connection->connect(false)
#1 D:\Kerja\BE\be\system\Database\BaseConnection.php(620): CodeIgniter\Database\BaseConnection->initialize()
#2 D:\Kerja\BE\be\system\Database\BaseBuilder.php(2345): CodeIgniter\Database\BaseConnection->query('INSERT INTO `us...', Array, false)
#3 D:\Kerja\BE\be\system\Model.php(394): CodeIgniter\Database\BaseBuilder->insert()
#4 D:\Kerja\BE\be\system\BaseModel.php(839): CodeIgniter\Model->doInsert(Array)
#5 D:\Kerja\BE\be\system\Model.php(800): CodeIgniter\BaseModel->insert(Array, true)
#6 D:\Kerja\BE\be\app\Controllers\UserController.php(37): CodeIgniter\Model->insert(Array)
#7 D:\Kerja\BE\be\system\CodeIgniter.php(933): App\Controllers\UserController->create()
#8 D:\Kerja\BE\be\system\CodeIgniter.php(507): CodeIgniter\CodeIgniter->runController(Object(App\Controllers\UserController))
#9 D:\Kerja\BE\be\system\CodeIgniter.php(354): CodeIgniter\CodeIgniter->handleRequest(NULL, Object(Config\Cache), false)
#10 D:\Kerja\BE\be\system\Boot.php(334): CodeIgniter\CodeIgniter->run()
#11 D:\Kerja\BE\be\system\Boot.php(67): CodeIgniter\Boot::runCodeIgniter(Object(CodeIgniter\CodeIgniter))
#12 D:\Kerja\BE\be\public\index.php(56): CodeIgniter\Boot::bootWeb(Object(Config\Paths))
#13 D:\Kerja\BE\be\system\rewrite.php(44): require_once('D:\\Kerja\\BE\\be\\...')
#14 {main}
ERROR - 2025-02-26 23:22:07 --> Error connecting to the database: TypeError: mysqli::real_connect(): Argument #5 ($port) must be of type ?int, string given in D:\Kerja\BE\be\system\Database\MySQLi\Connection.php:201
Stack trace:
#0 D:\Kerja\BE\be\system\Database\MySQLi\Connection.php(201): mysqli->real_connect('localhost', 'root', Object(SensitiveParameterValue), 'ci4', '3306', '', 0)
#1 D:\Kerja\BE\be\system\Database\BaseConnection.php(421): CodeIgniter\Database\MySQLi\Connection->connect(false)
#2 D:\Kerja\BE\be\system\Database\BaseConnection.php(620): CodeIgniter\Database\BaseConnection->initialize()
#3 D:\Kerja\BE\be\system\Database\BaseBuilder.php(2345): CodeIgniter\Database\BaseConnection->query('INSERT INTO `us...', Array, false)
#4 D:\Kerja\BE\be\system\Model.php(394): CodeIgniter\Database\BaseBuilder->insert()
#5 D:\Kerja\BE\be\system\BaseModel.php(839): CodeIgniter\Model->doInsert(Array)
#6 D:\Kerja\BE\be\system\Model.php(800): CodeIgniter\BaseModel->insert(Array, true)
#7 D:\Kerja\BE\be\app\Controllers\UserController.php(37): CodeIgniter\Model->insert(Array)
#8 D:\Kerja\BE\be\system\CodeIgniter.php(933): App\Controllers\UserController->create()
#9 D:\Kerja\BE\be\system\CodeIgniter.php(507): CodeIgniter\CodeIgniter->runController(Object(App\Controllers\UserController))
#10 D:\Kerja\BE\be\system\CodeIgniter.php(354): CodeIgniter\CodeIgniter->handleRequest(NULL, Object(Config\Cache), false)
#11 D:\Kerja\BE\be\system\Boot.php(334): CodeIgniter\CodeIgniter->run()
#12 D:\Kerja\BE\be\system\Boot.php(67): CodeIgniter\Boot::runCodeIgniter(Object(CodeIgniter\CodeIgniter))
#13 D:\Kerja\BE\be\public\index.php(56): CodeIgniter\Boot::bootWeb(Object(Config\Paths))
#14 D:\Kerja\BE\be\system\rewrite.php(44): require_once('D:\\Kerja\\BE\\be\\...')
#15 {main}

Next CodeIgniter\Database\Exceptions\DatabaseException: mysqli::real_connect(): Argument #5 ($port) must be of type ?int, string given in D:\Kerja\BE\be\system\Database\MySQLi\Connection.php:246
Stack trace:
#0 D:\Kerja\BE\be\system\Database\BaseConnection.php(421): CodeIgniter\Database\MySQLi\Connection->connect(false)
#1 D:\Kerja\BE\be\system\Database\BaseConnection.php(620): CodeIgniter\Database\BaseConnection->initialize()
#2 D:\Kerja\BE\be\system\Database\BaseBuilder.php(2345): CodeIgniter\Database\BaseConnection->query('INSERT INTO `us...', Array, false)
#3 D:\Kerja\BE\be\system\Model.php(394): CodeIgniter\Database\BaseBuilder->insert()
#4 D:\Kerja\BE\be\system\BaseModel.php(839): CodeIgniter\Model->doInsert(Array)
#5 D:\Kerja\BE\be\system\Model.php(800): CodeIgniter\BaseModel->insert(Array, true)
#6 D:\Kerja\BE\be\app\Controllers\UserController.php(37): CodeIgniter\Model->insert(Array)
#7 D:\Kerja\BE\be\system\CodeIgniter.php(933): App\Controllers\UserController->create()
#8 D:\Kerja\BE\be\system\CodeIgniter.php(507): CodeIgniter\CodeIgniter->runController(Object(App\Controllers\UserController))
#9 D:\Kerja\BE\be\system\CodeIgniter.php(354): CodeIgniter\CodeIgniter->handleRequest(NULL, Object(Config\Cache), false)
#10 D:\Kerja\BE\be\system\Boot.php(334): CodeIgniter\CodeIgniter->run()
#11 D:\Kerja\BE\be\system\Boot.php(67): CodeIgniter\Boot::runCodeIgniter(Object(CodeIgniter\CodeIgniter))
#12 D:\Kerja\BE\be\public\index.php(56): CodeIgniter\Boot::bootWeb(Object(Config\Paths))
#13 D:\Kerja\BE\be\system\rewrite.php(44): require_once('D:\\Kerja\\BE\\be\\...')
#14 {main}
ERROR - 2025-02-26 23:22:29 --> Error connecting to the database: mysqli_sql_exception: Unknown database 'ci4' in D:\Kerja\BE\be\system\Database\MySQLi\Connection.php:201
Stack trace:
#0 D:\Kerja\BE\be\system\Database\MySQLi\Connection.php(201): mysqli->real_connect('localhost', 'root', Object(SensitiveParameterValue), 'ci4', 3306, '', 0)
#1 D:\Kerja\BE\be\system\Database\BaseConnection.php(421): CodeIgniter\Database\MySQLi\Connection->connect(false)
#2 D:\Kerja\BE\be\system\Database\BaseConnection.php(620): CodeIgniter\Database\BaseConnection->initialize()
#3 D:\Kerja\BE\be\system\Database\BaseBuilder.php(2345): CodeIgniter\Database\BaseConnection->query('INSERT INTO `us...', Array, false)
#4 D:\Kerja\BE\be\system\Model.php(394): CodeIgniter\Database\BaseBuilder->insert()
#5 D:\Kerja\BE\be\system\BaseModel.php(839): CodeIgniter\Model->doInsert(Array)
#6 D:\Kerja\BE\be\system\Model.php(800): CodeIgniter\BaseModel->insert(Array, true)
#7 D:\Kerja\BE\be\app\Controllers\UserController.php(37): CodeIgniter\Model->insert(Array)
#8 D:\Kerja\BE\be\system\CodeIgniter.php(933): App\Controllers\UserController->create()
#9 D:\Kerja\BE\be\system\CodeIgniter.php(507): CodeIgniter\CodeIgniter->runController(Object(App\Controllers\UserController))
#10 D:\Kerja\BE\be\system\CodeIgniter.php(354): CodeIgniter\CodeIgniter->handleRequest(NULL, Object(Config\Cache), false)
#11 D:\Kerja\BE\be\system\Boot.php(334): CodeIgniter\CodeIgniter->run()
#12 D:\Kerja\BE\be\system\Boot.php(67): CodeIgniter\Boot::runCodeIgniter(Object(CodeIgniter\CodeIgniter))
#13 D:\Kerja\BE\be\public\index.php(56): CodeIgniter\Boot::bootWeb(Object(Config\Paths))
#14 D:\Kerja\BE\be\system\rewrite.php(44): require_once('D:\\Kerja\\BE\\be\\...')
#15 {main}

Next CodeIgniter\Database\Exceptions\DatabaseException: Unknown database 'ci4' in D:\Kerja\BE\be\system\Database\MySQLi\Connection.php:246
Stack trace:
#0 D:\Kerja\BE\be\system\Database\BaseConnection.php(421): CodeIgniter\Database\MySQLi\Connection->connect(false)
#1 D:\Kerja\BE\be\system\Database\BaseConnection.php(620): CodeIgniter\Database\BaseConnection->initialize()
#2 D:\Kerja\BE\be\system\Database\BaseBuilder.php(2345): CodeIgniter\Database\BaseConnection->query('INSERT INTO `us...', Array, false)
#3 D:\Kerja\BE\be\system\Model.php(394): CodeIgniter\Database\BaseBuilder->insert()
#4 D:\Kerja\BE\be\system\BaseModel.php(839): CodeIgniter\Model->doInsert(Array)
#5 D:\Kerja\BE\be\system\Model.php(800): CodeIgniter\BaseModel->insert(Array, true)
#6 D:\Kerja\BE\be\app\Controllers\UserController.php(37): CodeIgniter\Model->insert(Array)
#7 D:\Kerja\BE\be\system\CodeIgniter.php(933): App\Controllers\UserController->create()
#8 D:\Kerja\BE\be\system\CodeIgniter.php(507): CodeIgniter\CodeIgniter->runController(Object(App\Controllers\UserController))
#9 D:\Kerja\BE\be\system\CodeIgniter.php(354): CodeIgniter\CodeIgniter->handleRequest(NULL, Object(Config\Cache), false)
#10 D:\Kerja\BE\be\system\Boot.php(334): CodeIgniter\CodeIgniter->run()
#11 D:\Kerja\BE\be\system\Boot.php(67): CodeIgniter\Boot::runCodeIgniter(Object(CodeIgniter\CodeIgniter))
#12 D:\Kerja\BE\be\public\index.php(56): CodeIgniter\Boot::bootWeb(Object(Config\Paths))
#13 D:\Kerja\BE\be\system\rewrite.php(44): require_once('D:\\Kerja\\BE\\be\\...')
#14 {main}
ERROR - 2025-02-26 23:22:29 --> Error connecting to the database: mysqli_sql_exception: Unknown database 'ci4' in D:\Kerja\BE\be\system\Database\MySQLi\Connection.php:201
Stack trace:
#0 D:\Kerja\BE\be\system\Database\MySQLi\Connection.php(201): mysqli->real_connect('localhost', 'root', Object(SensitiveParameterValue), 'ci4', 3306, '', 0)
#1 D:\Kerja\BE\be\system\Database\BaseConnection.php(421): CodeIgniter\Database\MySQLi\Connection->connect(false)
#2 D:\Kerja\BE\be\system\Database\BaseConnection.php(620): CodeIgniter\Database\BaseConnection->initialize()
#3 D:\Kerja\BE\be\system\Database\BaseBuilder.php(2345): CodeIgniter\Database\BaseConnection->query('INSERT INTO `us...', Array, false)
#4 D:\Kerja\BE\be\system\Model.php(394): CodeIgniter\Database\BaseBuilder->insert()
#5 D:\Kerja\BE\be\system\BaseModel.php(839): CodeIgniter\Model->doInsert(Array)
#6 D:\Kerja\BE\be\system\Model.php(800): CodeIgniter\BaseModel->insert(Array, true)
#7 D:\Kerja\BE\be\app\Controllers\UserController.php(37): CodeIgniter\Model->insert(Array)
#8 D:\Kerja\BE\be\system\CodeIgniter.php(933): App\Controllers\UserController->create()
#9 D:\Kerja\BE\be\system\CodeIgniter.php(507): CodeIgniter\CodeIgniter->runController(Object(App\Controllers\UserController))
#10 D:\Kerja\BE\be\system\CodeIgniter.php(354): CodeIgniter\CodeIgniter->handleRequest(NULL, Object(Config\Cache), false)
#11 D:\Kerja\BE\be\system\Boot.php(334): CodeIgniter\CodeIgniter->run()
#12 D:\Kerja\BE\be\system\Boot.php(67): CodeIgniter\Boot::runCodeIgniter(Object(CodeIgniter\CodeIgniter))
#13 D:\Kerja\BE\be\public\index.php(56): CodeIgniter\Boot::bootWeb(Object(Config\Paths))
#14 D:\Kerja\BE\be\system\rewrite.php(44): require_once('D:\\Kerja\\BE\\be\\...')
#15 {main}

Next CodeIgniter\Database\Exceptions\DatabaseException: Unknown database 'ci4' in D:\Kerja\BE\be\system\Database\MySQLi\Connection.php:246
Stack trace:
#0 D:\Kerja\BE\be\system\Database\BaseConnection.php(421): CodeIgniter\Database\MySQLi\Connection->connect(false)
#1 D:\Kerja\BE\be\system\Database\BaseConnection.php(620): CodeIgniter\Database\BaseConnection->initialize()
#2 D:\Kerja\BE\be\system\Database\BaseBuilder.php(2345): CodeIgniter\Database\BaseConnection->query('INSERT INTO `us...', Array, false)
#3 D:\Kerja\BE\be\system\Model.php(394): CodeIgniter\Database\BaseBuilder->insert()
#4 D:\Kerja\BE\be\system\BaseModel.php(839): CodeIgniter\Model->doInsert(Array)
#5 D:\Kerja\BE\be\system\Model.php(800): CodeIgniter\BaseModel->insert(Array, true)
#6 D:\Kerja\BE\be\app\Controllers\UserController.php(37): CodeIgniter\Model->insert(Array)
#7 D:\Kerja\BE\be\system\CodeIgniter.php(933): App\Controllers\UserController->create()
#8 D:\Kerja\BE\be\system\CodeIgniter.php(507): CodeIgniter\CodeIgniter->runController(Object(App\Controllers\UserController))
#9 D:\Kerja\BE\be\system\CodeIgniter.php(354): CodeIgniter\CodeIgniter->handleRequest(NULL, Object(Config\Cache), false)
#10 D:\Kerja\BE\be\system\Boot.php(334): CodeIgniter\CodeIgniter->run()
#11 D:\Kerja\BE\be\system\Boot.php(67): CodeIgniter\Boot::runCodeIgniter(Object(CodeIgniter\CodeIgniter))
#12 D:\Kerja\BE\be\public\index.php(56): CodeIgniter\Boot::bootWeb(Object(Config\Paths))
#13 D:\Kerja\BE\be\system\rewrite.php(44): require_once('D:\\Kerja\\BE\\be\\...')
#14 {main}
ERROR - 2025-02-26 23:22:43 --> Error connecting to the database: mysqli_sql_exception: Unknown database 'ci4' in D:\Kerja\BE\be\system\Database\MySQLi\Connection.php:201
Stack trace:
#0 D:\Kerja\BE\be\system\Database\MySQLi\Connection.php(201): mysqli->real_connect('localhost', 'root', Object(SensitiveParameterValue), 'ci4', 3306, '', 0)
#1 D:\Kerja\BE\be\system\Database\BaseConnection.php(421): CodeIgniter\Database\MySQLi\Connection->connect(false)
#2 D:\Kerja\BE\be\system\Database\BaseConnection.php(620): CodeIgniter\Database\BaseConnection->initialize()
#3 D:\Kerja\BE\be\system\Database\BaseBuilder.php(2345): CodeIgniter\Database\BaseConnection->query('INSERT INTO `us...', Array, false)
#4 D:\Kerja\BE\be\system\Model.php(394): CodeIgniter\Database\BaseBuilder->insert()
#5 D:\Kerja\BE\be\system\BaseModel.php(839): CodeIgniter\Model->doInsert(Array)
#6 D:\Kerja\BE\be\system\Model.php(800): CodeIgniter\BaseModel->insert(Array, true)
#7 D:\Kerja\BE\be\app\Controllers\UserController.php(37): CodeIgniter\Model->insert(Array)
#8 D:\Kerja\BE\be\system\CodeIgniter.php(933): App\Controllers\UserController->create()
#9 D:\Kerja\BE\be\system\CodeIgniter.php(507): CodeIgniter\CodeIgniter->runController(Object(App\Controllers\UserController))
#10 D:\Kerja\BE\be\system\CodeIgniter.php(354): CodeIgniter\CodeIgniter->handleRequest(NULL, Object(Config\Cache), false)
#11 D:\Kerja\BE\be\system\Boot.php(334): CodeIgniter\CodeIgniter->run()
#12 D:\Kerja\BE\be\system\Boot.php(67): CodeIgniter\Boot::runCodeIgniter(Object(CodeIgniter\CodeIgniter))
#13 D:\Kerja\BE\be\public\index.php(56): CodeIgniter\Boot::bootWeb(Object(Config\Paths))
#14 D:\Kerja\BE\be\system\rewrite.php(44): require_once('D:\\Kerja\\BE\\be\\...')
#15 {main}

Next CodeIgniter\Database\Exceptions\DatabaseException: Unknown database 'ci4' in D:\Kerja\BE\be\system\Database\MySQLi\Connection.php:246
Stack trace:
#0 D:\Kerja\BE\be\system\Database\BaseConnection.php(421): CodeIgniter\Database\MySQLi\Connection->connect(false)
#1 D:\Kerja\BE\be\system\Database\BaseConnection.php(620): CodeIgniter\Database\BaseConnection->initialize()
#2 D:\Kerja\BE\be\system\Database\BaseBuilder.php(2345): CodeIgniter\Database\BaseConnection->query('INSERT INTO `us...', Array, false)
#3 D:\Kerja\BE\be\system\Model.php(394): CodeIgniter\Database\BaseBuilder->insert()
#4 D:\Kerja\BE\be\system\BaseModel.php(839): CodeIgniter\Model->doInsert(Array)
#5 D:\Kerja\BE\be\system\Model.php(800): CodeIgniter\BaseModel->insert(Array, true)
#6 D:\Kerja\BE\be\app\Controllers\UserController.php(37): CodeIgniter\Model->insert(Array)
#7 D:\Kerja\BE\be\system\CodeIgniter.php(933): App\Controllers\UserController->create()
#8 D:\Kerja\BE\be\system\CodeIgniter.php(507): CodeIgniter\CodeIgniter->runController(Object(App\Controllers\UserController))
#9 D:\Kerja\BE\be\system\CodeIgniter.php(354): CodeIgniter\CodeIgniter->handleRequest(NULL, Object(Config\Cache), false)
#10 D:\Kerja\BE\be\system\Boot.php(334): CodeIgniter\CodeIgniter->run()
#11 D:\Kerja\BE\be\system\Boot.php(67): CodeIgniter\Boot::runCodeIgniter(Object(CodeIgniter\CodeIgniter))
#12 D:\Kerja\BE\be\public\index.php(56): CodeIgniter\Boot::bootWeb(Object(Config\Paths))
#13 D:\Kerja\BE\be\system\rewrite.php(44): require_once('D:\\Kerja\\BE\\be\\...')
#14 {main}
